<?xml version="1.0" encoding="UTF-8"?>
<!-- Generated by org.testng.reporters.JUnitReportReporter -->
<testsuite hostname="PC-VINAGULAPAP1" failures="0" tests="1" name="aspireTests.NewTest" time="23.077" errors="0" timestamp="2021-06-26T01:13:23 EDT" skipped="0">
  <testcase classname="aspireTests.NewTest" name="f" time="23.077"/>
  <system-out/>
</testsuite> <!-- aspireTests.NewTest -->
